[ 2016-11-10T00:22:44+08:00 ] 127.0.0.1 /ykj/index.php/admin/
INFO: [ app_init ] --START--
INFO: Run Behavior\BuildLiteBehavior [ RunTime:0.000000s ]
INFO: [ app_init ] --END-- [ RunTime:0.000000s ]
INFO: [ app_begin ] --START--
INFO: Run Behavior\ReadHtmlCacheBehavior [ RunTime:0.001000s ]
INFO: [ app_begin ] --END-- [ RunTime:0.001000s ]
INFO: [ view_parse ] --START--
INFO: [ template_filter ] --START--
INFO: Run Behavior\ContentReplaceBehavior [ RunTime:0.000000s ]
INFO: [ template_filter ] --END-- [ RunTime:0.000000s ]
INFO: Run Behavior\ParseTemplateBehavior [ RunTime:0.018001s ]
INFO: [ view_parse ] --END-- [ RunTime:0.018001s ]
INFO: [ view_filter ] --START--
INFO: Run Behavior\WriteHtmlCacheBehavior [ RunTime:0.000000s ]
INFO: [ view_filter ] --END-- [ RunTime:0.000000s ]
INFO: [ app_end ] --START--
INFO: Run Behavior\ShowPageTraceBehavior [ RunTime:0.001000s ]
INFO: [ app_end ] --END-- [ RunTime:0.001000s ]

[ 2016-11-10T00:22:47+08:00 ] 127.0.0.1 /ykj/index.php/admin/design.html
INFO: [ app_init ] --START--
INFO: Run Behavior\BuildLiteBehavior [ RunTime:0.000000s ]
INFO: [ app_init ] --END-- [ RunTime:0.002000s ]
INFO: [ app_begin ] --START--
INFO: Run Behavior\ReadHtmlCacheBehavior [ RunTime:0.002000s ]
INFO: [ app_begin ] --END-- [ RunTime:0.002000s ]
ERR: 无法加载控制器:Design

[ 2016-11-10T00:22:53+08:00 ] 127.0.0.1 /ykj/index.php/Admin/Cate/lst
INFO: [ app_init ] --START--
INFO: Run Behavior\BuildLiteBehavior [ RunTime:0.000000s ]
INFO: [ app_init ] --END-- [ RunTime:0.002000s ]
INFO: [ app_begin ] --START--
INFO: Run Behavior\ReadHtmlCacheBehavior [ RunTime:0.001000s ]
INFO: [ app_begin ] --END-- [ RunTime:0.001000s ]
INFO: [ view_parse ] --START--
INFO: [ template_filter ] --START--
INFO: Run Behavior\ContentReplaceBehavior [ RunTime:0.001000s ]
INFO: [ template_filter ] --END-- [ RunTime:0.001000s ]
INFO: Run Behavior\ParseTemplateBehavior [ RunTime:0.013001s ]
INFO: [ view_parse ] --END-- [ RunTime:0.014001s ]
INFO: [ view_filter ] --START--
INFO: Run Behavior\WriteHtmlCacheBehavior [ RunTime:0.001000s ]
INFO: [ view_filter ] --END-- [ RunTime:0.001000s ]
INFO: [ app_end ] --START--
INFO: Run Behavior\ShowPageTraceBehavior [ RunTime:0.001000s ]
INFO: [ app_end ] --END-- [ RunTime:0.001000s ]

[ 2016-11-10T00:22:56+08:00 ] 127.0.0.1 /ykj/index.php/Admin/Cate/lst
INFO: [ app_init ] --START--
INFO: Run Behavior\BuildLiteBehavior [ RunTime:0.000000s ]
INFO: [ app_init ] --END-- [ RunTime:0.002000s ]
INFO: [ app_begin ] --START--
INFO: Run Behavior\ReadHtmlCacheBehavior [ RunTime:0.002000s ]
INFO: [ app_begin ] --END-- [ RunTime:0.002000s ]
INFO: [ view_parse ] --START--
INFO: [ template_filter ] --START--
INFO: Run Behavior\ContentReplaceBehavior [ RunTime:0.001000s ]
INFO: [ template_filter ] --END-- [ RunTime:0.001000s ]
INFO: Run Behavior\ParseTemplateBehavior [ RunTime:0.014000s ]
INFO: [ view_parse ] --END-- [ RunTime:0.014000s ]
INFO: [ view_filter ] --START--
INFO: Run Behavior\WriteHtmlCacheBehavior [ RunTime:0.000000s ]
INFO: [ view_filter ] --END-- [ RunTime:0.001000s ]
INFO: [ app_end ] --START--
INFO: Run Behavior\ShowPageTraceBehavior [ RunTime:0.001000s ]
INFO: [ app_end ] --END-- [ RunTime:0.001000s ]

[ 2016-11-10T00:23:05+08:00 ] 127.0.0.1 /ykj/index.php/Admin/Cate/design.html
INFO: [ app_init ] --START--
INFO: Run Behavior\BuildLiteBehavior [ RunTime:0.000000s ]
INFO: [ app_init ] --END-- [ RunTime:0.002000s ]
INFO: [ app_begin ] --START--
INFO: Run Behavior\ReadHtmlCacheBehavior [ RunTime:0.002000s ]
INFO: [ app_begin ] --END-- [ RunTime:0.002000s ]
ERR: 非法操作:design

[ 2016-11-10T00:23:26+08:00 ] 127.0.0.1 /ykj/index.php/Admin/Cate/add
INFO: [ app_init ] --START--
INFO: Run Behavior\BuildLiteBehavior [ RunTime:0.000000s ]
INFO: [ app_init ] --END-- [ RunTime:0.002000s ]
INFO: [ app_begin ] --START--
INFO: Run Behavior\ReadHtmlCacheBehavior [ RunTime:0.001001s ]
INFO: [ app_begin ] --END-- [ RunTime:0.001001s ]
SQL: SHOW COLUMNS FROM `ykj_cate` [ RunTime:0.0060s ]
INFO: [ view_parse ] --START--
INFO: [ template_filter ] --START--
INFO: Run Behavior\ContentReplaceBehavior [ RunTime:0.000000s ]
INFO: [ template_filter ] --END-- [ RunTime:0.000000s ]
INFO: Run Behavior\ParseTemplateBehavior [ RunTime:0.012001s ]
INFO: [ view_parse ] --END-- [ RunTime:0.012001s ]
INFO: [ view_filter ] --START--
INFO: Run Behavior\WriteHtmlCacheBehavior [ RunTime:0.001000s ]
INFO: [ view_filter ] --END-- [ RunTime:0.001000s ]
INFO: [ app_end ] --START--
INFO: Run Behavior\ShowPageTraceBehavior [ RunTime:0.001000s ]
INFO: [ app_end ] --END-- [ RunTime:0.004000s ]

[ 2016-11-10T00:23:36+08:00 ] 127.0.0.1 /ykj/index.php/Admin/Cate/add
INFO: [ app_init ] --START--
INFO: Run Behavior\BuildLiteBehavior [ RunTime:0.000000s ]
INFO: [ app_init ] --END-- [ RunTime:0.000000s ]
INFO: [ app_begin ] --START--
INFO: Run Behavior\ReadHtmlCacheBehavior [ RunTime:0.001000s ]
INFO: [ app_begin ] --END-- [ RunTime:0.001000s ]
SQL: SHOW COLUMNS FROM `ykj_cate` [ RunTime:0.0000s ]
NOTIC: [8] Undefined index: validate D:\wamp\www\ykj\ThinkPHP\Library\Think\Model.class.php 第 1185 行.
NOTIC: [8] Undefined index: auto D:\wamp\www\ykj\ThinkPHP\Library\Think\Model.class.php 第 1128 行.
SQL: INSERT INTO `ykj_cate` (`catename`) VALUES ('大家好') [ RunTime:0.0010s ]
INFO: [ view_parse ] --START--
INFO: [ template_filter ] --START--
INFO: Run Behavior\ContentReplaceBehavior [ RunTime:0.000000s ]
INFO: [ template_filter ] --END-- [ RunTime:0.001000s ]
INFO: Run Behavior\ParseTemplateBehavior [ RunTime:0.007000s ]
INFO: [ view_parse ] --END-- [ RunTime:0.007000s ]
INFO: [ view_filter ] --START--
INFO: Run Behavior\WriteHtmlCacheBehavior [ RunTime:0.000000s ]
INFO: [ view_filter ] --END-- [ RunTime:0.001001s ]
INFO: [ app_end ] --START--
INFO: Run Behavior\ShowPageTraceBehavior [ RunTime:0.001000s ]
INFO: [ app_end ] --END-- [ RunTime:0.001000s ]

[ 2016-11-10T00:23:38+08:00 ] 127.0.0.1 /ykj/index.php/Admin/Cate/lst.html
INFO: [ app_init ] --START--
INFO: Run Behavior\BuildLiteBehavior [ RunTime:0.000000s ]
INFO: [ app_init ] --END-- [ RunTime:0.001001s ]
INFO: [ app_begin ] --START--
INFO: Run Behavior\ReadHtmlCacheBehavior [ RunTime:0.000000s ]
INFO: [ app_begin ] --END-- [ RunTime:0.001000s ]
INFO: [ view_parse ] --START--
INFO: [ template_filter ] --START--
INFO: Run Behavior\ContentReplaceBehavior [ RunTime:0.000000s ]
INFO: [ template_filter ] --END-- [ RunTime:0.000000s ]
INFO: Run Behavior\ParseTemplateBehavior [ RunTime:0.015001s ]
INFO: [ view_parse ] --END-- [ RunTime:0.015001s ]
INFO: [ view_filter ] --START--
INFO: Run Behavior\WriteHtmlCacheBehavior [ RunTime:0.001000s ]
INFO: [ view_filter ] --END-- [ RunTime:0.001000s ]
INFO: [ app_end ] --START--
INFO: Run Behavior\ShowPageTraceBehavior [ RunTime:0.000000s ]
INFO: [ app_end ] --END-- [ RunTime:0.002000s ]

[ 2016-11-10T00:30:44+08:00 ] 127.0.0.1 /ykj/index.php/Admin/Cate/lst.html
INFO: [ app_init ] --START--
INFO: Run Behavior\BuildLiteBehavior [ RunTime:0.000000s ]
INFO: [ app_init ] --END-- [ RunTime:0.001000s ]
INFO: [ app_begin ] --START--
INFO: Run Behavior\ReadHtmlCacheBehavior [ RunTime:0.001000s ]
INFO: [ app_begin ] --END-- [ RunTime:0.002000s ]
SQL: SHOW COLUMNS FROM `ykj_cate` [ RunTime:0.0010s ]
SQL: SELECT * FROM `ykj_cate` ORDER BY sort desc  [ RunTime:0.0000s ]
INFO: [ view_parse ] --START--
INFO: [ template_filter ] --START--
INFO: Run Behavior\ContentReplaceBehavior [ RunTime:0.000000s ]
INFO: [ template_filter ] --END-- [ RunTime:0.001001s ]
INFO: Run Behavior\ParseTemplateBehavior [ RunTime:0.025002s ]
INFO: [ view_parse ] --END-- [ RunTime:0.025002s ]
INFO: [ view_filter ] --START--
INFO: Run Behavior\WriteHtmlCacheBehavior [ RunTime:0.001000s ]
INFO: [ view_filter ] --END-- [ RunTime:0.002000s ]
INFO: [ app_end ] --START--
INFO: Run Behavior\ShowPageTraceBehavior [ RunTime:0.001000s ]
INFO: [ app_end ] --END-- [ RunTime:0.002000s ]

[ 2016-11-10T00:33:19+08:00 ] 127.0.0.1 /ykj/index.php/Admin/Cate/lst.html
INFO: [ app_init ] --START--
INFO: Run Behavior\BuildLiteBehavior [ RunTime:0.000000s ]
INFO: [ app_init ] --END-- [ RunTime:0.001000s ]
INFO: [ app_begin ] --START--
INFO: Run Behavior\ReadHtmlCacheBehavior [ RunTime:0.000000s ]
INFO: [ app_begin ] --END-- [ RunTime:0.001000s ]
SQL: SHOW COLUMNS FROM `ykj_cate` [ RunTime:0.0000s ]
SQL: SELECT * FROM `ykj_cate` ORDER BY sort desc  [ RunTime:0.0000s ]
INFO: [ view_parse ] --START--
INFO: [ template_filter ] --START--
INFO: Run Behavior\ContentReplaceBehavior [ RunTime:0.001000s ]
INFO: [ template_filter ] --END-- [ RunTime:0.001000s ]
INFO: Run Behavior\ParseTemplateBehavior [ RunTime:0.012000s ]
INFO: [ view_parse ] --END-- [ RunTime:0.012000s ]
INFO: [ view_filter ] --START--
INFO: Run Behavior\WriteHtmlCacheBehavior [ RunTime:0.001001s ]
INFO: [ view_filter ] --END-- [ RunTime:0.001001s ]
INFO: [ app_end ] --START--
INFO: Run Behavior\ShowPageTraceBehavior [ RunTime:0.001000s ]
INFO: [ app_end ] --END-- [ RunTime:0.001000s ]

[ 2016-11-10T00:33:52+08:00 ] 127.0.0.1 /ykj/index.php/Admin/Cate/lst.html
INFO: [ app_init ] --START--
INFO: Run Behavior\BuildLiteBehavior [ RunTime:0.000000s ]
INFO: [ app_init ] --END-- [ RunTime:0.000000s ]
INFO: [ app_begin ] --START--
INFO: Run Behavior\ReadHtmlCacheBehavior [ RunTime:0.001000s ]
INFO: [ app_begin ] --END-- [ RunTime:0.002000s ]
SQL: SHOW COLUMNS FROM `ykj_cate` [ RunTime:0.0010s ]
SQL: SELECT * FROM `ykj_cate` ORDER BY sort desc  [ RunTime:0.0010s ]
INFO: [ view_parse ] --START--
INFO: [ template_filter ] --START--
INFO: Run Behavior\ContentReplaceBehavior [ RunTime:0.000000s ]
INFO: [ template_filter ] --END-- [ RunTime:0.000000s ]
INFO: Run Behavior\ParseTemplateBehavior [ RunTime:0.015001s ]
INFO: [ view_parse ] --END-- [ RunTime:0.015001s ]
INFO: [ view_filter ] --START--
INFO: Run Behavior\WriteHtmlCacheBehavior [ RunTime:0.000000s ]
INFO: [ view_filter ] --END-- [ RunTime:0.000000s ]
INFO: [ app_end ] --START--
INFO: Run Behavior\ShowPageTraceBehavior [ RunTime:0.001000s ]
INFO: [ app_end ] --END-- [ RunTime:0.001000s ]

[ 2016-11-10T00:34:47+08:00 ] 127.0.0.1 /ykj/index.php/Admin/Cate/lst.html
INFO: [ app_init ] --START--
INFO: Run Behavior\BuildLiteBehavior [ RunTime:0.000000s ]
INFO: [ app_init ] --END-- [ RunTime:0.001000s ]
INFO: [ app_begin ] --START--
INFO: Run Behavior\ReadHtmlCacheBehavior [ RunTime:0.001000s ]
INFO: [ app_begin ] --END-- [ RunTime:0.001000s ]
SQL: SHOW COLUMNS FROM `ykj_cate` [ RunTime:0.0010s ]
SQL: SELECT * FROM `ykj_cate` ORDER BY sort desc  [ RunTime:0.0010s ]
INFO: [ view_parse ] --START--
INFO: [ template_filter ] --START--
INFO: Run Behavior\ContentReplaceBehavior [ RunTime:0.000000s ]
INFO: [ template_filter ] --END-- [ RunTime:0.000000s ]
INFO: Run Behavior\ParseTemplateBehavior [ RunTime:0.016001s ]
INFO: [ view_parse ] --END-- [ RunTime:0.016001s ]
INFO: [ view_filter ] --START--
INFO: Run Behavior\WriteHtmlCacheBehavior [ RunTime:0.000000s ]
INFO: [ view_filter ] --END-- [ RunTime:0.001000s ]
INFO: [ app_end ] --START--
INFO: Run Behavior\ShowPageTraceBehavior [ RunTime:0.001000s ]
INFO: [ app_end ] --END-- [ RunTime:0.002000s ]

[ 2016-11-10T00:34:49+08:00 ] 127.0.0.1 /ykj/index.php/Admin/Cate/return%20confirm('%E4%BD%A0%E8%A6%81%E5%88%A0%E9%99%A4%E8%AF%A5%E6%A0%8F%E7%9B%AE%E5%90%97%EF%BC%9F');
INFO: [ app_init ] --START--
INFO: Run Behavior\BuildLiteBehavior [ RunTime:0.000000s ]
INFO: [ app_init ] --END-- [ RunTime:0.002001s ]
INFO: [ app_begin ] --START--
INFO: Run Behavior\ReadHtmlCacheBehavior [ RunTime:0.001000s ]
INFO: [ app_begin ] --END-- [ RunTime:0.001000s ]
ERR: 非法操作:return confirm('你要删除该栏目吗？');

[ 2016-11-10T00:34:56+08:00 ] 127.0.0.1 /ykj/index.php/Admin/Cate/lst.html
INFO: [ app_init ] --START--
INFO: Run Behavior\BuildLiteBehavior [ RunTime:0.000000s ]
INFO: [ app_init ] --END-- [ RunTime:0.002000s ]
INFO: [ app_begin ] --START--
INFO: Run Behavior\ReadHtmlCacheBehavior [ RunTime:0.001000s ]
INFO: [ app_begin ] --END-- [ RunTime:0.001000s ]
SQL: SHOW COLUMNS FROM `ykj_cate` [ RunTime:0.0010s ]
SQL: SELECT * FROM `ykj_cate` ORDER BY sort desc  [ RunTime:0.0010s ]
INFO: [ view_parse ] --START--
INFO: [ template_filter ] --START--
INFO: Run Behavior\ContentReplaceBehavior [ RunTime:0.000000s ]
INFO: [ template_filter ] --END-- [ RunTime:0.001000s ]
INFO: Run Behavior\ParseTemplateBehavior [ RunTime:0.017001s ]
INFO: [ view_parse ] --END-- [ RunTime:0.018001s ]
INFO: [ view_filter ] --START--
INFO: Run Behavior\WriteHtmlCacheBehavior [ RunTime:0.001000s ]
INFO: [ view_filter ] --END-- [ RunTime:0.001000s ]
INFO: [ app_end ] --START--
INFO: Run Behavior\ShowPageTraceBehavior [ RunTime:0.001000s ]
INFO: [ app_end ] --END-- [ RunTime:0.002001s ]

[ 2016-11-10T00:35:44+08:00 ] 127.0.0.1 /ykj/index.php/Admin/Cate/lst.html
INFO: [ app_init ] --START--
INFO: Run Behavior\BuildLiteBehavior [ RunTime:0.000000s ]
INFO: [ app_init ] --END-- [ RunTime:0.002000s ]
INFO: [ app_begin ] --START--
INFO: Run Behavior\ReadHtmlCacheBehavior [ RunTime:0.002000s ]
INFO: [ app_begin ] --END-- [ RunTime:0.004000s ]
SQL: SHOW COLUMNS FROM `ykj_cate` [ RunTime:0.0020s ]
SQL: SELECT * FROM `ykj_cate` ORDER BY sort desc  [ RunTime:0.0010s ]
INFO: [ view_parse ] --START--
INFO: [ template_filter ] --START--
INFO: Run Behavior\ContentReplaceBehavior [ RunTime:0.000000s ]
INFO: [ template_filter ] --END-- [ RunTime:0.001000s ]
INFO: Run Behavior\ParseTemplateBehavior [ RunTime:0.023001s ]
INFO: [ view_parse ] --END-- [ RunTime:0.025002s ]
INFO: [ view_filter ] --START--
INFO: Run Behavior\WriteHtmlCacheBehavior [ RunTime:0.001000s ]
INFO: [ view_filter ] --END-- [ RunTime:0.001000s ]
INFO: [ app_end ] --START--
INFO: Run Behavior\ShowPageTraceBehavior [ RunTime:0.001000s ]
INFO: [ app_end ] --END-- [ RunTime:0.001000s ]

[ 2016-11-10T00:35:48+08:00 ] 127.0.0.1 /ykj/index.php/Admin/Cate/del/id/14
INFO: [ app_init ] --START--
INFO: Run Behavior\BuildLiteBehavior [ RunTime:0.000000s ]
INFO: [ app_init ] --END-- [ RunTime:0.000000s ]
INFO: [ app_begin ] --START--
INFO: Run Behavior\ReadHtmlCacheBehavior [ RunTime:0.001000s ]
INFO: [ app_begin ] --END-- [ RunTime:0.002000s ]
ERR: 模板不存在:./Application/Admin/View/Cate/del.html

[ 2016-11-10T00:37:51+08:00 ] 127.0.0.1 /ykj/index.php/Admin/Cate/lst.html
INFO: [ app_init ] --START--
INFO: Run Behavior\BuildLiteBehavior [ RunTime:0.000000s ]
INFO: [ app_init ] --END-- [ RunTime:0.001000s ]
INFO: [ app_begin ] --START--
INFO: Run Behavior\ReadHtmlCacheBehavior [ RunTime:0.002000s ]
INFO: [ app_begin ] --END-- [ RunTime:0.002000s ]

[ 2016-11-10T00:38:16+08:00 ] 127.0.0.1 /ykj/index.php/Admin/Cate/lst.html
INFO: [ app_init ] --START--
INFO: Run Behavior\BuildLiteBehavior [ RunTime:0.000000s ]
INFO: [ app_init ] --END-- [ RunTime:0.001000s ]
INFO: [ app_begin ] --START--
INFO: Run Behavior\ReadHtmlCacheBehavior [ RunTime:0.001000s ]
INFO: [ app_begin ] --END-- [ RunTime:0.001000s ]
SQL: SHOW COLUMNS FROM `ykj_cate` [ RunTime:0.0000s ]
SQL: SELECT * FROM `ykj_cate` ORDER BY sort desc  [ RunTime:0.0010s ]
INFO: [ view_parse ] --START--
INFO: [ template_filter ] --START--
INFO: Run Behavior\ContentReplaceBehavior [ RunTime:0.000000s ]
INFO: [ template_filter ] --END-- [ RunTime:0.001000s ]
INFO: Run Behavior\ParseTemplateBehavior [ RunTime:0.013001s ]
INFO: [ view_parse ] --END-- [ RunTime:0.013001s ]
INFO: [ view_filter ] --START--
INFO: Run Behavior\WriteHtmlCacheBehavior [ RunTime:0.001000s ]
INFO: [ view_filter ] --END-- [ RunTime:0.001000s ]
INFO: [ app_end ] --START--
INFO: Run Behavior\ShowPageTraceBehavior [ RunTime:0.001000s ]
INFO: [ app_end ] --END-- [ RunTime:0.001000s ]

[ 2016-11-10T00:38:23+08:00 ] 127.0.0.1 /ykj/index.php/Admin/Cate/add
INFO: [ app_init ] --START--
INFO: Run Behavior\BuildLiteBehavior [ RunTime:0.000000s ]
INFO: [ app_init ] --END-- [ RunTime:0.002000s ]
INFO: [ app_begin ] --START--
INFO: Run Behavior\ReadHtmlCacheBehavior [ RunTime:0.002000s ]
INFO: [ app_begin ] --END-- [ RunTime:0.002000s ]
SQL: SHOW COLUMNS FROM `ykj_cate` [ RunTime:0.0020s ]
INFO: [ view_parse ] --START--
INFO: [ template_filter ] --START--
INFO: Run Behavior\ContentReplaceBehavior [ RunTime:0.001000s ]
INFO: [ template_filter ] --END-- [ RunTime:0.002000s ]
INFO: Run Behavior\ParseTemplateBehavior [ RunTime:0.030001s ]
INFO: [ view_parse ] --END-- [ RunTime:0.032002s ]
INFO: [ view_filter ] --START--
INFO: Run Behavior\WriteHtmlCacheBehavior [ RunTime:0.001000s ]
INFO: [ view_filter ] --END-- [ RunTime:0.002000s ]
INFO: [ app_end ] --START--
INFO: Run Behavior\ShowPageTraceBehavior [ RunTime:0.002000s ]
INFO: [ app_end ] --END-- [ RunTime:0.002000s ]

[ 2016-11-10T00:38:26+08:00 ] 127.0.0.1 /ykj/index.php/Admin/Cate/add
INFO: [ app_init ] --START--
INFO: Run Behavior\BuildLiteBehavior [ RunTime:0.000000s ]
INFO: [ app_init ] --END-- [ RunTime:0.000000s ]
INFO: [ app_begin ] --START--
INFO: Run Behavior\ReadHtmlCacheBehavior [ RunTime:0.001000s ]
INFO: [ app_begin ] --END-- [ RunTime:0.001000s ]
SQL: SHOW COLUMNS FROM `ykj_cate` [ RunTime:0.0010s ]
NOTIC: [8] Undefined index: validate D:\wamp\www\ykj\ThinkPHP\Library\Think\Model.class.php 第 1185 行.
NOTIC: [8] Undefined index: auto D:\wamp\www\ykj\ThinkPHP\Library\Think\Model.class.php 第 1128 行.
SQL: INSERT INTO `ykj_cate` (`catename`) VALUES ('下手行啊') [ RunTime:0.0010s ]
INFO: [ view_parse ] --START--
INFO: [ template_filter ] --START--
INFO: Run Behavior\ContentReplaceBehavior [ RunTime:0.000000s ]
INFO: [ template_filter ] --END-- [ RunTime:0.001000s ]
INFO: Run Behavior\ParseTemplateBehavior [ RunTime:0.009001s ]
INFO: [ view_parse ] --END-- [ RunTime:0.009001s ]
INFO: [ view_filter ] --START--
INFO: Run Behavior\WriteHtmlCacheBehavior [ RunTime:0.000000s ]
INFO: [ view_filter ] --END-- [ RunTime:0.001000s ]
INFO: [ app_end ] --START--
INFO: Run Behavior\ShowPageTraceBehavior [ RunTime:0.000000s ]
INFO: [ app_end ] --END-- [ RunTime:0.000000s ]

[ 2016-11-10T00:38:27+08:00 ] 127.0.0.1 /ykj/index.php/Admin/Cate/lst.html
INFO: [ app_init ] --START--
INFO: Run Behavior\BuildLiteBehavior [ RunTime:0.000000s ]
INFO: [ app_init ] --END-- [ RunTime:0.002000s ]
INFO: [ app_begin ] --START--
INFO: Run Behavior\ReadHtmlCacheBehavior [ RunTime:0.001000s ]
INFO: [ app_begin ] --END-- [ RunTime:0.001000s ]
SQL: SHOW COLUMNS FROM `ykj_cate` [ RunTime:0.0010s ]
SQL: SELECT * FROM `ykj_cate` ORDER BY sort desc  [ RunTime:0.0000s ]
INFO: [ view_parse ] --START--
INFO: [ template_filter ] --START--
INFO: Run Behavior\ContentReplaceBehavior [ RunTime:0.000000s ]
INFO: [ template_filter ] --END-- [ RunTime:0.000000s ]
INFO: Run Behavior\ParseTemplateBehavior [ RunTime:0.019001s ]
INFO: [ view_parse ] --END-- [ RunTime:0.020001s ]
INFO: [ view_filter ] --START--
INFO: Run Behavior\WriteHtmlCacheBehavior [ RunTime:0.000000s ]
INFO: [ view_filter ] --END-- [ RunTime:0.001000s ]
INFO: [ app_end ] --START--
INFO: Run Behavior\ShowPageTraceBehavior [ RunTime:0.001000s ]
INFO: [ app_end ] --END-- [ RunTime:0.001000s ]

[ 2016-11-10T00:38:39+08:00 ] 127.0.0.1 /ykj/index.php/Admin/Cate/del/id/23
INFO: [ app_init ] --START--
INFO: Run Behavior\BuildLiteBehavior [ RunTime:0.000000s ]
INFO: [ app_init ] --END-- [ RunTime:0.001000s ]
INFO: [ app_begin ] --START--
INFO: Run Behavior\ReadHtmlCacheBehavior [ RunTime:0.002000s ]
INFO: [ app_begin ] --END-- [ RunTime:0.002000s ]
SQL: SHOW COLUMNS FROM `ykj_cate` [ RunTime:0.0010s ]
SQL: DELETE FROM `ykj_cate` WHERE `id` = 23 [ RunTime:0.0000s ]
INFO: [ view_parse ] --START--
INFO: [ template_filter ] --START--
INFO: Run Behavior\ContentReplaceBehavior [ RunTime:0.000000s ]
INFO: [ template_filter ] --END-- [ RunTime:0.000000s ]
INFO: Run Behavior\ParseTemplateBehavior [ RunTime:0.008001s ]
INFO: [ view_parse ] --END-- [ RunTime:0.008001s ]
INFO: [ view_filter ] --START--
INFO: Run Behavior\WriteHtmlCacheBehavior [ RunTime:0.000000s ]
INFO: [ view_filter ] --END-- [ RunTime:0.000000s ]
ERR: 模板不存在:./Application/Admin/View/Cate/del.html

[ 2016-11-10T00:38:40+08:00 ] 127.0.0.1 /ykj/index.php/Admin/Cate/lst.html
INFO: [ app_init ] --START--
INFO: Run Behavior\BuildLiteBehavior [ RunTime:0.000000s ]
INFO: [ app_init ] --END-- [ RunTime:0.001000s ]
INFO: [ app_begin ] --START--
INFO: Run Behavior\ReadHtmlCacheBehavior [ RunTime:0.001000s ]
INFO: [ app_begin ] --END-- [ RunTime:0.001000s ]
SQL: SHOW COLUMNS FROM `ykj_cate` [ RunTime:0.0010s ]
SQL: SELECT * FROM `ykj_cate` ORDER BY sort desc  [ RunTime:0.0000s ]
INFO: [ view_parse ] --START--
INFO: [ template_filter ] --START--
INFO: Run Behavior\ContentReplaceBehavior [ RunTime:0.000000s ]
INFO: [ template_filter ] --END-- [ RunTime:0.001000s ]
INFO: Run Behavior\ParseTemplateBehavior [ RunTime:0.015001s ]
INFO: [ view_parse ] --END-- [ RunTime:0.016001s ]
INFO: [ view_filter ] --START--
INFO: Run Behavior\WriteHtmlCacheBehavior [ RunTime:0.000000s ]
INFO: [ view_filter ] --END-- [ RunTime:0.001000s ]
INFO: [ app_end ] --START--
INFO: Run Behavior\ShowPageTraceBehavior [ RunTime:0.001000s ]
INFO: [ app_end ] --END-- [ RunTime:0.001000s ]

[ 2016-11-10T00:50:12+08:00 ] 127.0.0.1 /ykj/index.php/Admin/Cate/lst.html
INFO: [ app_init ] --START--
INFO: Run Behavior\BuildLiteBehavior [ RunTime:0.000000s ]
INFO: [ app_init ] --END-- [ RunTime:0.001000s ]
INFO: [ app_begin ] --START--
INFO: Run Behavior\ReadHtmlCacheBehavior [ RunTime:0.001000s ]
INFO: [ app_begin ] --END-- [ RunTime:0.001000s ]
SQL: SHOW COLUMNS FROM `ykj_cate` [ RunTime:0.0010s ]
SQL: SELECT * FROM `ykj_cate` ORDER BY sort desc  [ RunTime:0.0000s ]
INFO: [ view_parse ] --START--
INFO: [ template_filter ] --START--
INFO: Run Behavior\ContentReplaceBehavior [ RunTime:0.000000s ]
INFO: [ template_filter ] --END-- [ RunTime:0.000000s ]
INFO: Run Behavior\ParseTemplateBehavior [ RunTime:0.017001s ]
INFO: [ view_parse ] --END-- [ RunTime:0.017001s ]
INFO: [ view_filter ] --START--
INFO: Run Behavior\WriteHtmlCacheBehavior [ RunTime:0.000000s ]
INFO: [ view_filter ] --END-- [ RunTime:0.000000s ]
INFO: [ app_end ] --START--
INFO: Run Behavior\ShowPageTraceBehavior [ RunTime:0.001000s ]
INFO: [ app_end ] --END-- [ RunTime:0.001000s ]

[ 2016-11-10T00:50:14+08:00 ] 127.0.0.1 /ykj/index.php/Admin/Cate/edit/id/14
INFO: [ app_init ] --START--
INFO: Run Behavior\BuildLiteBehavior [ RunTime:0.000000s ]
INFO: [ app_init ] --END-- [ RunTime:0.002001s ]
INFO: [ app_begin ] --START--
INFO: Run Behavior\ReadHtmlCacheBehavior [ RunTime:0.001000s ]
INFO: [ app_begin ] --END-- [ RunTime:0.002000s ]
SQL: SHOW COLUMNS FROM `ykj_cate` [ RunTime:0.0020s ]
SQL: SELECT * FROM `ykj_cate` WHERE `id` = 14 LIMIT 1   [ RunTime:0.0010s ]
INFO: [ view_parse ] --START--
INFO: [ template_filter ] --START--
INFO: Run Behavior\ContentReplaceBehavior [ RunTime:0.001000s ]
INFO: [ template_filter ] --END-- [ RunTime:0.001000s ]
INFO: Run Behavior\ParseTemplateBehavior [ RunTime:0.020001s ]
INFO: [ view_parse ] --END-- [ RunTime:0.020001s ]
INFO: [ view_filter ] --START--
INFO: Run Behavior\WriteHtmlCacheBehavior [ RunTime:0.000000s ]
INFO: [ view_filter ] --END-- [ RunTime:0.001000s ]
INFO: [ app_end ] --START--
INFO: Run Behavior\ShowPageTraceBehavior [ RunTime:0.001000s ]
INFO: [ app_end ] --END-- [ RunTime:0.001000s ]

[ 2016-11-10T00:50:18+08:00 ] 127.0.0.1 /ykj/index.php/Admin/Cate/edit/id/22
INFO: [ app_init ] --START--
INFO: Run Behavior\BuildLiteBehavior [ RunTime:0.000000s ]
INFO: [ app_init ] --END-- [ RunTime:0.002000s ]
INFO: [ app_begin ] --START--
INFO: Run Behavior\ReadHtmlCacheBehavior [ RunTime:0.002000s ]
INFO: [ app_begin ] --END-- [ RunTime:0.003000s ]
SQL: SHOW COLUMNS FROM `ykj_cate` [ RunTime:0.0020s ]
SQL: SELECT * FROM `ykj_cate` WHERE `id` = 22 LIMIT 1   [ RunTime:0.0020s ]
INFO: [ view_parse ] --START--
INFO: [ template_filter ] --START--
INFO: Run Behavior\ContentReplaceBehavior [ RunTime:0.000000s ]
INFO: [ template_filter ] --END-- [ RunTime:0.002001s ]
INFO: Run Behavior\ParseTemplateBehavior [ RunTime:0.036002s ]
INFO: [ view_parse ] --END-- [ RunTime:0.036002s ]
INFO: [ view_filter ] --START--
INFO: Run Behavior\WriteHtmlCacheBehavior [ RunTime:0.001000s ]
INFO: [ view_filter ] --END-- [ RunTime:0.002000s ]
INFO: [ app_end ] --START--
INFO: Run Behavior\ShowPageTraceBehavior [ RunTime:0.002000s ]
INFO: [ app_end ] --END-- [ RunTime:0.003000s ]

[ 2016-11-10T00:50:30+08:00 ] 127.0.0.1 /ykj/index.php/Admin/Cate/edit/id/22
INFO: [ app_init ] --START--
INFO: Run Behavior\BuildLiteBehavior [ RunTime:0.000000s ]
INFO: [ app_init ] --END-- [ RunTime:0.001000s ]
INFO: [ app_begin ] --START--
INFO: Run Behavior\ReadHtmlCacheBehavior [ RunTime:0.001000s ]
INFO: [ app_begin ] --END-- [ RunTime:0.003000s ]
SQL: SHOW COLUMNS FROM `ykj_cate` [ RunTime:0.0010s ]
SQL: SELECT * FROM `ykj_cate` WHERE `id` = 22 LIMIT 1   [ RunTime:0.0000s ]
INFO: [ view_parse ] --START--
INFO: [ template_filter ] --START--
INFO: Run Behavior\ContentReplaceBehavior [ RunTime:0.000000s ]
INFO: [ template_filter ] --END-- [ RunTime:0.001000s ]
INFO: Run Behavior\ParseTemplateBehavior [ RunTime:0.010000s ]
INFO: [ view_parse ] --END-- [ RunTime:0.010000s ]
INFO: [ view_filter ] --START--
INFO: Run Behavior\WriteHtmlCacheBehavior [ RunTime:0.001000s ]
INFO: [ view_filter ] --END-- [ RunTime:0.001000s ]
INFO: [ app_end ] --START--
INFO: Run Behavior\ShowPageTraceBehavior [ RunTime:0.000000s ]
INFO: [ app_end ] --END-- [ RunTime:0.000000s ]

[ 2016-11-10T00:51:06+08:00 ] 127.0.0.1 /ykj/index.php/Admin/Cate/edit/id/22
INFO: [ app_init ] --START--
INFO: Run Behavior\BuildLiteBehavior [ RunTime:0.000000s ]
INFO: [ app_init ] --END-- [ RunTime:0.001000s ]
INFO: [ app_begin ] --START--
INFO: Run Behavior\ReadHtmlCacheBehavior [ RunTime:0.001000s ]
INFO: [ app_begin ] --END-- [ RunTime:0.001000s ]
SQL: SHOW COLUMNS FROM `ykj_cate` [ RunTime:0.0010s ]
NOTIC: [8] Undefined index: validate D:\wamp\www\ykj\ThinkPHP\Library\Think\Model.class.php 第 1185 行.
NOTIC: [8] Undefined index: auto D:\wamp\www\ykj\ThinkPHP\Library\Think\Model.class.php 第 1128 行.
SQL: UPDATE `ykj_cate` SET `catename`='大家好啊啊啊' WHERE `id` = 22 [ RunTime:0.0010s ]
INFO: [ view_parse ] --START--
INFO: [ template_filter ] --START--
INFO: Run Behavior\ContentReplaceBehavior [ RunTime:0.000000s ]
INFO: [ template_filter ] --END-- [ RunTime:0.000000s ]
INFO: Run Behavior\ParseTemplateBehavior [ RunTime:0.009001s ]
INFO: [ view_parse ] --END-- [ RunTime:0.009001s ]
INFO: [ view_filter ] --START--
INFO: Run Behavior\WriteHtmlCacheBehavior [ RunTime:0.001000s ]
INFO: [ view_filter ] --END-- [ RunTime:0.001000s ]
INFO: [ app_end ] --START--
INFO: Run Behavior\ShowPageTraceBehavior [ RunTime:0.000000s ]
INFO: [ app_end ] --END-- [ RunTime:0.000000s ]

[ 2016-11-10T00:51:07+08:00 ] 127.0.0.1 /ykj/index.php/Admin/Cate/lst.html
INFO: [ app_init ] --START--
INFO: Run Behavior\BuildLiteBehavior [ RunTime:0.000000s ]
INFO: [ app_init ] --END-- [ RunTime:0.002001s ]
INFO: [ app_begin ] --START--
INFO: Run Behavior\ReadHtmlCacheBehavior [ RunTime:0.001000s ]
INFO: [ app_begin ] --END-- [ RunTime:0.003000s ]
SQL: SHOW COLUMNS FROM `ykj_cate` [ RunTime:0.0010s ]
SQL: SELECT * FROM `ykj_cate` ORDER BY sort desc  [ RunTime:0.0010s ]
INFO: [ view_parse ] --START--
INFO: [ template_filter ] --START--
INFO: Run Behavior\ContentReplaceBehavior [ RunTime:0.000000s ]
INFO: [ template_filter ] --END-- [ RunTime:0.001001s ]
INFO: Run Behavior\ParseTemplateBehavior [ RunTime:0.022002s ]
INFO: [ view_parse ] --END-- [ RunTime:0.024002s ]
INFO: [ view_filter ] --START--
INFO: Run Behavior\WriteHtmlCacheBehavior [ RunTime:0.001000s ]
INFO: [ view_filter ] --END-- [ RunTime:0.001000s ]
INFO: [ app_end ] --START--
INFO: Run Behavior\ShowPageTraceBehavior [ RunTime:0.001000s ]
INFO: [ app_end ] --END-- [ RunTime:0.001000s ]

[ 2016-11-10T00:51:13+08:00 ] 127.0.0.1 /ykj/index.php/Admin/Cate/edit/id/22
INFO: [ app_init ] --START--
INFO: Run Behavior\BuildLiteBehavior [ RunTime:0.000000s ]
INFO: [ app_init ] --END-- [ RunTime:0.001000s ]
INFO: [ app_begin ] --START--
INFO: Run Behavior\ReadHtmlCacheBehavior [ RunTime:0.000000s ]
INFO: [ app_begin ] --END-- [ RunTime:0.001000s ]
SQL: SHOW COLUMNS FROM `ykj_cate` [ RunTime:0.0010s ]
SQL: SELECT * FROM `ykj_cate` WHERE `id` = 22 LIMIT 1   [ RunTime:0.0000s ]
INFO: [ view_parse ] --START--
INFO: [ template_filter ] --START--
INFO: Run Behavior\ContentReplaceBehavior [ RunTime:0.000000s ]
INFO: [ template_filter ] --END-- [ RunTime:0.001000s ]
INFO: Run Behavior\ParseTemplateBehavior [ RunTime:0.008000s ]
INFO: [ view_parse ] --END-- [ RunTime:0.009000s ]
INFO: [ view_filter ] --START--
INFO: Run Behavior\WriteHtmlCacheBehavior [ RunTime:0.000000s ]
INFO: [ view_filter ] --END-- [ RunTime:0.000000s ]
INFO: [ app_end ] --START--
INFO: Run Behavior\ShowPageTraceBehavior [ RunTime:0.000000s ]
INFO: [ app_end ] --END-- [ RunTime:0.000000s ]

[ 2016-11-10T00:51:15+08:00 ] 127.0.0.1 /ykj/index.php/Admin/Cate/edit/id/22
INFO: [ app_init ] --START--
INFO: Run Behavior\BuildLiteBehavior [ RunTime:0.001000s ]
INFO: [ app_init ] --END-- [ RunTime:0.001000s ]
INFO: [ app_begin ] --START--
INFO: Run Behavior\ReadHtmlCacheBehavior [ RunTime:0.001000s ]
INFO: [ app_begin ] --END-- [ RunTime:0.001000s ]
SQL: SHOW COLUMNS FROM `ykj_cate` [ RunTime:0.0010s ]
NOTIC: [8] Undefined index: validate D:\wamp\www\ykj\ThinkPHP\Library\Think\Model.class.php 第 1185 行.
NOTIC: [8] Undefined index: auto D:\wamp\www\ykj\ThinkPHP\Library\Think\Model.class.php 第 1128 行.
SQL: UPDATE `ykj_cate` SET `catename`='大家好啊啊啊' WHERE `id` = 22 [ RunTime:0.0000s ]
INFO: [ view_parse ] --START--
INFO: [ template_filter ] --START--
INFO: Run Behavior\ContentReplaceBehavior [ RunTime:0.000000s ]
INFO: [ template_filter ] --END-- [ RunTime:0.001000s ]
INFO: Run Behavior\ParseTemplateBehavior [ RunTime:0.016001s ]
INFO: [ view_parse ] --END-- [ RunTime:0.016001s ]
INFO: [ view_filter ] --START--
INFO: Run Behavior\WriteHtmlCacheBehavior [ RunTime:0.000000s ]
INFO: [ view_filter ] --END-- [ RunTime:0.001000s ]
INFO: [ app_end ] --START--
INFO: Run Behavior\ShowPageTraceBehavior [ RunTime:0.001000s ]
INFO: [ app_end ] --END-- [ RunTime:0.001000s ]

[ 2016-11-10T00:51:17+08:00 ] 127.0.0.1 /ykj/index.php/Admin/Cate/lst.html
INFO: [ app_init ] --START--
INFO: Run Behavior\BuildLiteBehavior [ RunTime:0.000000s ]
INFO: [ app_init ] --END-- [ RunTime:0.001000s ]
INFO: [ app_begin ] --START--
INFO: Run Behavior\ReadHtmlCacheBehavior [ RunTime:0.001000s ]
INFO: [ app_begin ] --END-- [ RunTime:0.005000s ]
SQL: SHOW COLUMNS FROM `ykj_cate` [ RunTime:0.0010s ]
SQL: SELECT * FROM `ykj_cate` ORDER BY sort desc  [ RunTime:0.0000s ]
INFO: [ view_parse ] --START--
INFO: [ template_filter ] --START--
INFO: Run Behavior\ContentReplaceBehavior [ RunTime:0.000000s ]
INFO: [ template_filter ] --END-- [ RunTime:0.000000s ]
INFO: Run Behavior\ParseTemplateBehavior [ RunTime:0.014001s ]
INFO: [ view_parse ] --END-- [ RunTime:0.014001s ]
INFO: [ view_filter ] --START--
INFO: Run Behavior\WriteHtmlCacheBehavior [ RunTime:0.001000s ]
INFO: [ view_filter ] --END-- [ RunTime:0.001000s ]
INFO: [ app_end ] --START--
INFO: Run Behavior\ShowPageTraceBehavior [ RunTime:0.001000s ]
INFO: [ app_end ] --END-- [ RunTime:0.001000s ]

[ 2016-11-10T00:52:40+08:00 ] 127.0.0.1 /ykj/index.php/Admin/Cate/lst.html
INFO: [ app_init ] --START--
INFO: Run Behavior\BuildLiteBehavior [ RunTime:0.000000s ]
INFO: [ app_init ] --END-- [ RunTime:0.001000s ]
INFO: [ app_begin ] --START--
INFO: Run Behavior\ReadHtmlCacheBehavior [ RunTime:0.002000s ]
INFO: [ app_begin ] --END-- [ RunTime:0.002000s ]
SQL: SHOW COLUMNS FROM `ykj_cate` [ RunTime:0.0010s ]
SQL: SELECT * FROM `ykj_cate` ORDER BY sort desc  [ RunTime:0.0000s ]
INFO: [ view_parse ] --START--
INFO: [ template_filter ] --START--
INFO: Run Behavior\ContentReplaceBehavior [ RunTime:0.001001s ]
INFO: [ template_filter ] --END-- [ RunTime:0.001001s ]
INFO: Run Behavior\ParseTemplateBehavior [ RunTime:0.031002s ]
INFO: [ view_parse ] --END-- [ RunTime:0.031002s ]
INFO: [ view_filter ] --START--
INFO: Run Behavior\WriteHtmlCacheBehavior [ RunTime:0.001000s ]
INFO: [ view_filter ] --END-- [ RunTime:0.001000s ]
INFO: [ app_end ] --START--
INFO: Run Behavior\ShowPageTraceBehavior [ RunTime:0.002000s ]
INFO: [ app_end ] --END-- [ RunTime:0.002000s ]

[ 2016-11-10T00:52:43+08:00 ] 127.0.0.1 /ykj/index.php/Admin/Cate/edit/id/14
INFO: [ app_init ] --START--
INFO: Run Behavior\BuildLiteBehavior [ RunTime:0.000000s ]
INFO: [ app_init ] --END-- [ RunTime:0.001000s ]
INFO: [ app_begin ] --START--
INFO: Run Behavior\ReadHtmlCacheBehavior [ RunTime:0.001000s ]
INFO: [ app_begin ] --END-- [ RunTime:0.001000s ]
SQL: SHOW COLUMNS FROM `ykj_cate` [ RunTime:0.0010s ]
SQL: SELECT * FROM `ykj_cate` WHERE `id` = 14 LIMIT 1   [ RunTime:0.0010s ]
INFO: [ view_parse ] --START--
INFO: [ template_filter ] --START--
INFO: Run Behavior\ContentReplaceBehavior [ RunTime:0.001000s ]
INFO: [ template_filter ] --END-- [ RunTime:0.001000s ]
INFO: Run Behavior\ParseTemplateBehavior [ RunTime:0.016001s ]
INFO: [ view_parse ] --END-- [ RunTime:0.016001s ]
INFO: [ view_filter ] --START--
INFO: Run Behavior\WriteHtmlCacheBehavior [ RunTime:0.000000s ]
INFO: [ view_filter ] --END-- [ RunTime:0.001000s ]
INFO: [ app_end ] --START--
INFO: Run Behavior\ShowPageTraceBehavior [ RunTime:0.001000s ]
INFO: [ app_end ] --END-- [ RunTime:0.001000s ]

[ 2016-11-10T01:01:11+08:00 ] 127.0.0.1 /ykj/index.php/Admin/Cate/lst.html
INFO: [ app_init ] --START--
INFO: Run Behavior\BuildLiteBehavior [ RunTime:0.000000s ]
INFO: [ app_init ] --END-- [ RunTime:0.001000s ]
INFO: [ app_begin ] --START--
INFO: Run Behavior\ReadHtmlCacheBehavior [ RunTime:0.001000s ]
INFO: [ app_begin ] --END-- [ RunTime:0.003000s ]

[ 2016-11-10T01:01:35+08:00 ] 127.0.0.1 /ykj/index.php/Admin/Cate/lst.html
INFO: [ app_init ] --START--
INFO: Run Behavior\BuildLiteBehavior [ RunTime:0.000000s ]
INFO: [ app_init ] --END-- [ RunTime:0.002000s ]
INFO: [ app_begin ] --START--
INFO: Run Behavior\ReadHtmlCacheBehavior [ RunTime:0.001000s ]
INFO: [ app_begin ] --END-- [ RunTime:0.002000s ]
SQL: SHOW COLUMNS FROM `ykj_cate` [ RunTime:0.0020s ]
SQL: SELECT * FROM `ykj_cate` ORDER BY sort desc  [ RunTime:0.0010s ]
INFO: [ view_parse ] --START--
INFO: [ template_filter ] --START--
INFO: Run Behavior\ContentReplaceBehavior [ RunTime:0.001000s ]
INFO: [ template_filter ] --END-- [ RunTime:0.001000s ]
INFO: Run Behavior\ParseTemplateBehavior [ RunTime:0.018001s ]
INFO: [ view_parse ] --END-- [ RunTime:0.018001s ]
INFO: [ view_filter ] --START--
INFO: Run Behavior\WriteHtmlCacheBehavior [ RunTime:0.000000s ]
INFO: [ view_filter ] --END-- [ RunTime:0.001000s ]
INFO: [ app_end ] --START--
INFO: Run Behavior\ShowPageTraceBehavior [ RunTime:0.001000s ]
INFO: [ app_end ] --END-- [ RunTime:0.001000s ]

[ 2016-11-10T01:01:51+08:00 ] 127.0.0.1 /ykj/index.php/Admin/Cate/lst.html
INFO: [ app_init ] --START--
INFO: Run Behavior\BuildLiteBehavior [ RunTime:0.000000s ]
INFO: [ app_init ] --END-- [ RunTime:0.001000s ]
INFO: [ app_begin ] --START--
INFO: Run Behavior\ReadHtmlCacheBehavior [ RunTime:0.001000s ]
INFO: [ app_begin ] --END-- [ RunTime:0.001000s ]
SQL: SHOW COLUMNS FROM `ykj_cate` [ RunTime:0.0010s ]
SQL: SELECT * FROM `ykj_cate` ORDER BY sort desc  [ RunTime:0.0000s ]
INFO: [ view_parse ] --START--
INFO: [ template_filter ] --START--
INFO: Run Behavior\ContentReplaceBehavior [ RunTime:0.000000s ]
INFO: [ template_filter ] --END-- [ RunTime:0.000000s ]
INFO: Run Behavior\ParseTemplateBehavior [ RunTime:0.014001s ]
INFO: [ view_parse ] --END-- [ RunTime:0.015001s ]
INFO: [ view_filter ] --START--
INFO: Run Behavior\WriteHtmlCacheBehavior [ RunTime:0.000000s ]
INFO: [ view_filter ] --END-- [ RunTime:0.000000s ]
INFO: [ app_end ] --START--
INFO: Run Behavior\ShowPageTraceBehavior [ RunTime:0.000000s ]
INFO: [ app_end ] --END-- [ RunTime:0.001000s ]

[ 2016-11-10T01:01:54+08:00 ] 127.0.0.1 /ykj/index.php/Admin/Cate/lst.html
INFO: [ app_init ] --START--
INFO: Run Behavior\BuildLiteBehavior [ RunTime:0.000000s ]
INFO: [ app_init ] --END-- [ RunTime:0.002000s ]
INFO: [ app_begin ] --START--
INFO: Run Behavior\ReadHtmlCacheBehavior [ RunTime:0.001000s ]
INFO: [ app_begin ] --END-- [ RunTime:0.001000s ]
SQL: SHOW COLUMNS FROM `ykj_cate` [ RunTime:0.0010s ]
SQL: SELECT * FROM `ykj_cate` ORDER BY sort desc  [ RunTime:0.0000s ]
INFO: [ view_parse ] --START--
INFO: [ template_filter ] --START--
INFO: Run Behavior\ContentReplaceBehavior [ RunTime:0.001000s ]
INFO: [ template_filter ] --END-- [ RunTime:0.001000s ]
INFO: Run Behavior\ParseTemplateBehavior [ RunTime:0.018001s ]
INFO: [ view_parse ] --END-- [ RunTime:0.018001s ]
INFO: [ view_filter ] --START--
INFO: Run Behavior\WriteHtmlCacheBehavior [ RunTime:0.001000s ]
INFO: [ view_filter ] --END-- [ RunTime:0.001000s ]
INFO: [ app_end ] --START--
INFO: Run Behavior\ShowPageTraceBehavior [ RunTime:0.001000s ]
INFO: [ app_end ] --END-- [ RunTime:0.002000s ]

[ 2016-11-10T01:02:00+08:00 ] ::1 /ykj/index.php/Admin/Cate/lst.html
INFO: [ app_init ] --START--
INFO: Run Behavior\BuildLiteBehavior [ RunTime:0.000000s ]
INFO: [ app_init ] --END-- [ RunTime:0.000000s ]
INFO: [ app_begin ] --START--
INFO: Run Behavior\ReadHtmlCacheBehavior [ RunTime:0.000000s ]
INFO: [ app_begin ] --END-- [ RunTime:0.000000s ]
SQL: SHOW COLUMNS FROM `ykj_cate` [ RunTime:0.0010s ]
SQL: SELECT * FROM `ykj_cate` ORDER BY sort desc  [ RunTime:0.0010s ]
INFO: [ view_parse ] --START--
INFO: [ template_filter ] --START--
INFO: Run Behavior\ContentReplaceBehavior [ RunTime:0.001000s ]
INFO: [ template_filter ] --END-- [ RunTime:0.001000s ]
INFO: Run Behavior\ParseTemplateBehavior [ RunTime:0.015001s ]
INFO: [ view_parse ] --END-- [ RunTime:0.015001s ]
INFO: [ view_filter ] --START--
INFO: Run Behavior\WriteHtmlCacheBehavior [ RunTime:0.000000s ]
INFO: [ view_filter ] --END-- [ RunTime:0.001000s ]
INFO: [ app_end ] --START--
INFO: Run Behavior\ShowPageTraceBehavior [ RunTime:0.002000s ]
INFO: [ app_end ] --END-- [ RunTime:0.003000s ]

[ 2016-11-10T01:02:04+08:00 ] ::1 /ykj/index.php/Admin/Cate/lst.html
INFO: [ app_init ] --START--
INFO: Run Behavior\BuildLiteBehavior [ RunTime:0.000000s ]
INFO: [ app_init ] --END-- [ RunTime:0.002000s ]
INFO: [ app_begin ] --START--
INFO: Run Behavior\ReadHtmlCacheBehavior [ RunTime:0.002000s ]
INFO: [ app_begin ] --END-- [ RunTime:0.003000s ]
SQL: SHOW COLUMNS FROM `ykj_cate` [ RunTime:0.0000s ]
SQL: SELECT * FROM `ykj_cate` ORDER BY sort desc  [ RunTime:0.0000s ]
INFO: [ view_parse ] --START--
INFO: [ template_filter ] --START--
INFO: Run Behavior\ContentReplaceBehavior [ RunTime:0.000000s ]
INFO: [ template_filter ] --END-- [ RunTime:0.000000s ]
INFO: Run Behavior\ParseTemplateBehavior [ RunTime:0.014001s ]
INFO: [ view_parse ] --END-- [ RunTime:0.015001s ]
INFO: [ view_filter ] --START--
INFO: Run Behavior\WriteHtmlCacheBehavior [ RunTime:0.000000s ]
INFO: [ view_filter ] --END-- [ RunTime:0.000000s ]
INFO: [ app_end ] --START--
INFO: Run Behavior\ShowPageTraceBehavior [ RunTime:0.001000s ]
INFO: [ app_end ] --END-- [ RunTime:0.001000s ]

[ 2016-11-10T01:03:39+08:00 ] 127.0.0.1 /ykj/index.php/Admin/Cate/lst.html
INFO: [ app_init ] --START--
INFO: Run Behavior\BuildLiteBehavior [ RunTime:0.000000s ]
INFO: [ app_init ] --END-- [ RunTime:0.002001s ]
INFO: [ app_begin ] --START--
INFO: Run Behavior\ReadHtmlCacheBehavior [ RunTime:0.001000s ]
INFO: [ app_begin ] --END-- [ RunTime:0.003000s ]
SQL: SHOW COLUMNS FROM `ykj_cate` [ RunTime:0.0010s ]
SQL: SELECT * FROM `ykj_cate` ORDER BY sort desc  [ RunTime:0.0010s ]
INFO: [ view_parse ] --START--
INFO: [ template_filter ] --START--
INFO: Run Behavior\ContentReplaceBehavior [ RunTime:0.000000s ]
INFO: [ template_filter ] --END-- [ RunTime:0.002000s ]
INFO: Run Behavior\ParseTemplateBehavior [ RunTime:0.029001s ]
INFO: [ view_parse ] --END-- [ RunTime:0.030001s ]
INFO: [ view_filter ] --START--
INFO: Run Behavior\WriteHtmlCacheBehavior [ RunTime:0.000000s ]
INFO: [ view_filter ] --END-- [ RunTime:0.002001s ]
INFO: [ app_end ] --START--
INFO: Run Behavior\ShowPageTraceBehavior [ RunTime:0.001000s ]
INFO: [ app_end ] --END-- [ RunTime:0.003000s ]

[ 2016-11-10T01:03:46+08:00 ] 127.0.0.1 /ykj/index.php/Admin/Cate/sort
INFO: [ app_init ] --START--
INFO: Run Behavior\BuildLiteBehavior [ RunTime:0.000000s ]
INFO: [ app_init ] --END-- [ RunTime:0.000000s ]
INFO: [ app_begin ] --START--
INFO: Run Behavior\ReadHtmlCacheBehavior [ RunTime:0.000000s ]
INFO: [ app_begin ] --END-- [ RunTime:0.001000s ]
SQL: SHOW COLUMNS FROM `ykj_cate` [ RunTime:0.0000s ]
NOTIC: [8] Undefined variable: set D:\wamp\www\ykj\ThinkPHP\Library\Think\Db\Driver.class.php 第 387 行.
NOTIC: [2] implode(): Invalid arguments passed D:\wamp\www\ykj\ThinkPHP\Library\Think\Db\Driver.class.php 第 387 行.
ERR: 1064:You have an error in your SQL syntax; check the manual that corresponds to your MySQL server version for the right syntax to use near 'WHERE `id` = 0' at line 1
 [ SQL语句 ] : UPDATE `ykj_cate` SET  WHERE `id` = 0
ERR: 1064:You have an error in your SQL syntax; check the manual that corresponds to your MySQL server version for the right syntax to use near 'WHERE `id` = 0' at line 1
 [ SQL语句 ] : UPDATE `ykj_cate` SET  WHERE `id` = 0

[ 2016-11-10T01:05:01+08:00 ] 127.0.0.1 /ykj/index.php/Admin/Cate/lst.html
INFO: [ app_init ] --START--
INFO: Run Behavior\BuildLiteBehavior [ RunTime:0.000000s ]
INFO: [ app_init ] --END-- [ RunTime:0.001000s ]
INFO: [ app_begin ] --START--
INFO: Run Behavior\ReadHtmlCacheBehavior [ RunTime:0.001000s ]
INFO: [ app_begin ] --END-- [ RunTime:0.002001s ]
SQL: SHOW COLUMNS FROM `ykj_cate` [ RunTime:0.0010s ]
SQL: SELECT * FROM `ykj_cate` ORDER BY sort desc  [ RunTime:0.0000s ]
INFO: [ view_parse ] --START--
INFO: [ template_filter ] --START--
INFO: Run Behavior\ContentReplaceBehavior [ RunTime:0.001000s ]
INFO: [ template_filter ] --END-- [ RunTime:0.001000s ]
INFO: Run Behavior\ParseTemplateBehavior [ RunTime:0.017001s ]
INFO: [ view_parse ] --END-- [ RunTime:0.017001s ]
INFO: [ view_filter ] --START--
INFO: Run Behavior\WriteHtmlCacheBehavior [ RunTime:0.001000s ]
INFO: [ view_filter ] --END-- [ RunTime:0.001000s ]
INFO: [ app_end ] --START--
INFO: Run Behavior\ShowPageTraceBehavior [ RunTime:0.000000s ]
INFO: [ app_end ] --END-- [ RunTime:0.001000s ]

[ 2016-11-10T01:05:03+08:00 ] 127.0.0.1 /ykj/index.php/Admin/Cate/lst.html
INFO: [ app_init ] --START--
INFO: Run Behavior\BuildLiteBehavior [ RunTime:0.000000s ]
INFO: [ app_init ] --END-- [ RunTime:0.001001s ]
INFO: [ app_begin ] --START--
INFO: Run Behavior\ReadHtmlCacheBehavior [ RunTime:0.001000s ]
INFO: [ app_begin ] --END-- [ RunTime:0.001000s ]
SQL: SHOW COLUMNS FROM `ykj_cate` [ RunTime:0.0020s ]
SQL: SELECT * FROM `ykj_cate` ORDER BY sort desc  [ RunTime:0.0000s ]
INFO: [ view_parse ] --START--
INFO: [ template_filter ] --START--
INFO: Run Behavior\ContentReplaceBehavior [ RunTime:0.001000s ]
INFO: [ template_filter ] --END-- [ RunTime:0.001000s ]
INFO: Run Behavior\ParseTemplateBehavior [ RunTime:0.031002s ]
INFO: [ view_parse ] --END-- [ RunTime:0.031002s ]
INFO: [ view_filter ] --START--
INFO: Run Behavior\WriteHtmlCacheBehavior [ RunTime:0.000000s ]
INFO: [ view_filter ] --END-- [ RunTime:0.002000s ]
INFO: [ app_end ] --START--
INFO: Run Behavior\ShowPageTraceBehavior [ RunTime:0.001000s ]
INFO: [ app_end ] --END-- [ RunTime:0.002000s ]

[ 2016-11-10T01:05:06+08:00 ] 127.0.0.1 /ykj/index.php/Admin/Cate/sort
INFO: [ app_init ] --START--
INFO: Run Behavior\BuildLiteBehavior [ RunTime:0.000000s ]
INFO: [ app_init ] --END-- [ RunTime:0.001000s ]
INFO: [ app_begin ] --START--
INFO: Run Behavior\ReadHtmlCacheBehavior [ RunTime:0.001000s ]
INFO: [ app_begin ] --END-- [ RunTime:0.001000s ]
NOTIC: [8] Undefined variable: cate D:\wamp\www\ykj\Application\Admin\Controller\CateController.class.php 第 70 行.

[ 2016-11-10T01:05:47+08:00 ] 127.0.0.1 /ykj/index.php/Admin/Cate/lst.html
INFO: [ app_init ] --START--
INFO: Run Behavior\BuildLiteBehavior [ RunTime:0.001000s ]
INFO: [ app_init ] --END-- [ RunTime:0.001000s ]
INFO: [ app_begin ] --START--
INFO: Run Behavior\ReadHtmlCacheBehavior [ RunTime:0.002000s ]
INFO: [ app_begin ] --END-- [ RunTime:0.002000s ]
SQL: SHOW COLUMNS FROM `ykj_cate` [ RunTime:0.0010s ]
SQL: SELECT * FROM `ykj_cate` ORDER BY sort desc  [ RunTime:0.0000s ]
INFO: [ view_parse ] --START--
INFO: [ template_filter ] --START--
INFO: Run Behavior\ContentReplaceBehavior [ RunTime:0.000000s ]
INFO: [ template_filter ] --END-- [ RunTime:0.001000s ]
INFO: Run Behavior\ParseTemplateBehavior [ RunTime:0.028002s ]
INFO: [ view_parse ] --END-- [ RunTime:0.029002s ]
INFO: [ view_filter ] --START--
INFO: Run Behavior\WriteHtmlCacheBehavior [ RunTime:0.000000s ]
INFO: [ view_filter ] --END-- [ RunTime:0.002000s ]
INFO: [ app_end ] --START--
INFO: Run Behavior\ShowPageTraceBehavior [ RunTime:0.001000s ]
INFO: [ app_end ] --END-- [ RunTime:0.001000s ]

[ 2016-11-10T01:05:49+08:00 ] 127.0.0.1 /ykj/index.php/Admin/Cate/lst.html
INFO: [ app_init ] --START--
INFO: Run Behavior\BuildLiteBehavior [ RunTime:0.000000s ]
INFO: [ app_init ] --END-- [ RunTime:0.001000s ]
INFO: [ app_begin ] --START--
INFO: Run Behavior\ReadHtmlCacheBehavior [ RunTime:0.002000s ]
INFO: [ app_begin ] --END-- [ RunTime:0.002000s ]
SQL: SHOW COLUMNS FROM `ykj_cate` [ RunTime:0.0010s ]
SQL: SELECT * FROM `ykj_cate` ORDER BY sort desc  [ RunTime:0.0010s ]
INFO: [ view_parse ] --START--
INFO: [ template_filter ] --START--
INFO: Run Behavior\ContentReplaceBehavior [ RunTime:0.000000s ]
INFO: [ template_filter ] --END-- [ RunTime:0.001000s ]
INFO: Run Behavior\ParseTemplateBehavior [ RunTime:0.028001s ]
INFO: [ view_parse ] --END-- [ RunTime:0.029001s ]
INFO: [ view_filter ] --START--
INFO: Run Behavior\WriteHtmlCacheBehavior [ RunTime:0.001000s ]
INFO: [ view_filter ] --END-- [ RunTime:0.001000s ]
INFO: [ app_end ] --START--
INFO: Run Behavior\ShowPageTraceBehavior [ RunTime:0.001000s ]
INFO: [ app_end ] --END-- [ RunTime:0.002000s ]

[ 2016-11-10T01:05:52+08:00 ] 127.0.0.1 /ykj/index.php/Admin/Cate/sort
INFO: [ app_init ] --START--
INFO: Run Behavior\BuildLiteBehavior [ RunTime:0.000000s ]
INFO: [ app_init ] --END-- [ RunTime:0.002000s ]
INFO: [ app_begin ] --START--
INFO: Run Behavior\ReadHtmlCacheBehavior [ RunTime:0.001001s ]
INFO: [ app_begin ] --END-- [ RunTime:0.001001s ]
SQL: SHOW COLUMNS FROM `ykj_cate` [ RunTime:0.0010s ]
NOTIC: [8] Undefined variable: set D:\wamp\www\ykj\ThinkPHP\Library\Think\Db\Driver.class.php 第 387 行.
NOTIC: [2] implode(): Invalid arguments passed D:\wamp\www\ykj\ThinkPHP\Library\Think\Db\Driver.class.php 第 387 行.
ERR: 1064:You have an error in your SQL syntax; check the manual that corresponds to your MySQL server version for the right syntax to use near 'WHERE `id` = 0' at line 1
 [ SQL语句 ] : UPDATE `ykj_cate` SET  WHERE `id` = 0
ERR: 1064:You have an error in your SQL syntax; check the manual that corresponds to your MySQL server version for the right syntax to use near 'WHERE `id` = 0' at line 1
 [ SQL语句 ] : UPDATE `ykj_cate` SET  WHERE `id` = 0

[ 2016-11-10T01:08:58+08:00 ] 127.0.0.1 /ykj/index.php/Admin/Cate/lst.html
INFO: [ app_init ] --START--
INFO: Run Behavior\BuildLiteBehavior [ RunTime:0.000000s ]
INFO: [ app_init ] --END-- [ RunTime:0.001000s ]
INFO: [ app_begin ] --START--
INFO: Run Behavior\ReadHtmlCacheBehavior [ RunTime:0.001000s ]
INFO: [ app_begin ] --END-- [ RunTime:0.001000s ]
SQL: SHOW COLUMNS FROM `ykj_cate` [ RunTime:0.0010s ]
SQL: SELECT * FROM `ykj_cate` ORDER BY sort desc  [ RunTime:0.0010s ]
INFO: [ view_parse ] --START--
INFO: [ template_filter ] --START--
INFO: Run Behavior\ContentReplaceBehavior [ RunTime:0.000000s ]
INFO: [ template_filter ] --END-- [ RunTime:0.000000s ]
INFO: Run Behavior\ParseTemplateBehavior [ RunTime:0.017001s ]
INFO: [ view_parse ] --END-- [ RunTime:0.017001s ]
INFO: [ view_filter ] --START--
INFO: Run Behavior\WriteHtmlCacheBehavior [ RunTime:0.001000s ]
INFO: [ view_filter ] --END-- [ RunTime:0.001000s ]
INFO: [ app_end ] --START--
INFO: Run Behavior\ShowPageTraceBehavior [ RunTime:0.000000s ]
INFO: [ app_end ] --END-- [ RunTime:0.001000s ]

[ 2016-11-10T01:09:02+08:00 ] 127.0.0.1 /ykj/index.php/Admin/Cate/sort
INFO: [ app_init ] --START--
INFO: Run Behavior\BuildLiteBehavior [ RunTime:0.000000s ]
INFO: [ app_init ] --END-- [ RunTime:0.001000s ]
INFO: [ app_begin ] --START--
INFO: Run Behavior\ReadHtmlCacheBehavior [ RunTime:0.001000s ]
INFO: [ app_begin ] --END-- [ RunTime:0.001000s ]
SQL: SHOW COLUMNS FROM `ykj_cate` [ RunTime:0.0020s ]
SQL: UPDATE `ykj_cate` SET `sort`='52' WHERE `id` = 14 [ RunTime:0.0010s ]
SQL: UPDATE `ykj_cate` SET `sort`='22' WHERE `id` = 22 [ RunTime:0.0000s ]
SQL: UPDATE `ykj_cate` SET `sort`='6' WHERE `id` = 1 [ RunTime:0.0010s ]
SQL: UPDATE `ykj_cate` SET `sort`='5' WHERE `id` = 7 [ RunTime:0.0000s ]
SQL: UPDATE `ykj_cate` SET `sort`='4' WHERE `id` = 8 [ RunTime:0.0010s ]
SQL: UPDATE `ykj_cate` SET `sort`='3' WHERE `id` = 9 [ RunTime:0.0010s ]
SQL: UPDATE `ykj_cate` SET `sort`='2' WHERE `id` = 10 [ RunTime:0.0000s ]
SQL: UPDATE `ykj_cate` SET `sort`='1' WHERE `id` = 11 [ RunTime:0.0010s ]
INFO: [ view_parse ] --START--
INFO: [ template_filter ] --START--
INFO: Run Behavior\ContentReplaceBehavior [ RunTime:0.001000s ]
INFO: [ template_filter ] --END-- [ RunTime:0.001000s ]
INFO: Run Behavior\ParseTemplateBehavior [ RunTime:0.012001s ]
INFO: [ view_parse ] --END-- [ RunTime:0.012001s ]
INFO: [ view_filter ] --START--
INFO: Run Behavior\WriteHtmlCacheBehavior [ RunTime:0.001000s ]
INFO: [ view_filter ] --END-- [ RunTime:0.001000s ]
INFO: [ app_end ] --START--
INFO: Run Behavior\ShowPageTraceBehavior [ RunTime:0.001000s ]
INFO: [ app_end ] --END-- [ RunTime:0.001000s ]

[ 2016-11-10T01:09:04+08:00 ] 127.0.0.1 /ykj/index.php/Admin/Cate/lst.html
INFO: [ app_init ] --START--
INFO: Run Behavior\BuildLiteBehavior [ RunTime:0.000000s ]
INFO: [ app_init ] --END-- [ RunTime:0.001000s ]
INFO: [ app_begin ] --START--
INFO: Run Behavior\ReadHtmlCacheBehavior [ RunTime:0.001000s ]
INFO: [ app_begin ] --END-- [ RunTime:0.001000s ]
SQL: SHOW COLUMNS FROM `ykj_cate` [ RunTime:0.0010s ]
SQL: SELECT * FROM `ykj_cate` ORDER BY sort desc  [ RunTime:0.0000s ]
INFO: [ view_parse ] --START--
INFO: [ template_filter ] --START--
INFO: Run Behavior\ContentReplaceBehavior [ RunTime:0.000000s ]
INFO: [ template_filter ] --END-- [ RunTime:0.000000s ]
INFO: Run Behavior\ParseTemplateBehavior [ RunTime:0.013001s ]
INFO: [ view_parse ] --END-- [ RunTime:0.014001s ]
INFO: [ view_filter ] --START--
INFO: Run Behavior\WriteHtmlCacheBehavior [ RunTime:0.000000s ]
INFO: [ view_filter ] --END-- [ RunTime:0.000000s ]
INFO: [ app_end ] --START--
INFO: Run Behavior\ShowPageTraceBehavior [ RunTime:0.001000s ]
INFO: [ app_end ] --END-- [ RunTime:0.001000s ]

